<?xml version="1.0" encoding="UTF-8"?>
<!-- Generated by org.testng.reporters.JUnitReportReporter -->
<testsuite skipped="0" hostname="ermao750125-ThinkPad-T510" name="TestProject_mvn_git.TestProject_Mvn_Git.openFirefox" tests="1" failures="0" timestamp="05 Nov 2018 04:00:15 GMT" time="10.230" errors="0">
  <testcase name="testmethodone" time="10.230" classname="TestProject_mvn_git.TestProject_Mvn_Git.openFirefox"/>
</testsuite> <!-- TestProject_mvn_git.TestProject_Mvn_Git.openFirefox -->
